<?xml version="1.0" encoding="UTF-8"?>
<!-- Generated by org.testng.reporters.JUnitReportReporter -->
<testsuite hostname="DESKTOP-NCL580U" failures="0" tests="1" name="RestAPI.restAPIassignments.patchAPI" time="1.059" errors="0" timestamp="27 Nov 2022 10:31:33 GMT" skipped="0">
  <testcase classname="RestAPI.restAPIassignments.patchAPI" name="patch" time="1.059"/>
</testsuite> <!-- RestAPI.restAPIassignments.patchAPI -->
