<?xml version="1.0" encoding="UTF-8"?>
<!-- Generated by org.testng.reporters.JUnitReportReporter -->
<testsuite hostname="DESKTOP-NCL580U" failures="0" tests="1" name="restAPIwithcode.resAPIpost" time="1.157" errors="0" timestamp="27 Nov 2022 10:47:41 GMT" skipped="0">
  <testcase classname="restAPIwithcode.resAPIpost" name="POST" time="1.157"/>
</testsuite> <!-- restAPIwithcode.resAPIpost -->
