<?xml version="1.0" encoding="UTF-8"?>
<!-- Generated by org.testng.reporters.JUnitReportReporter -->
<testsuite hostname="DESKTOP-NCL580U" failures="0" tests="1" name="restAPIwithcode.restAPIdelete" time="1.035" errors="0" timestamp="27 Nov 2022 10:55:23 GMT" skipped="0">
  <testcase classname="restAPIwithcode.restAPIdelete" name="Delete" time="1.035"/>
</testsuite> <!-- restAPIwithcode.restAPIdelete -->
