<?xml version="1.0" encoding="UTF-8"?>
<!-- Generated by org.testng.reporters.JUnitReportReporter -->
<testsuite hostname="DESKTOP-NCL580U" failures="0" tests="1" name="restAPIwithcode.restAPIget" time="0.974" errors="0" timestamp="27 Nov 2022 10:49:53 GMT" skipped="0">
  <testcase classname="restAPIwithcode.restAPIget" name="GET" time="0.974"/>
</testsuite> <!-- restAPIwithcode.restAPIget -->
