<?xml version="1.0" encoding="UTF-8"?>
<!-- Generated by org.testng.reporters.JUnitReportReporter -->
<testsuite hostname="DESKTOP-NCL580U" failures="0" tests="1" name="RestAPI.restAPIassignments.getAPI" time="1.061" errors="0" timestamp="27 Nov 2022 10:28:43 GMT" skipped="0">
  <testcase classname="RestAPI.restAPIassignments.getAPI" name="GET" time="1.061"/>
</testsuite> <!-- RestAPI.restAPIassignments.getAPI -->
