<?xml version="1.0" encoding="UTF-8"?>
<!-- Generated by org.testng.reporters.JUnitReportReporter -->
<testsuite hostname="DESKTOP-NCL580U" failures="0" tests="1" name="readingDataFromExcelShee.readingDataFromExcelSheet" time="1.122" errors="0" timestamp="27 Nov 2022 17:02:12 GMT" skipped="0">
  <testcase classname="readingDataFromExcelShee.readingDataFromExcelSheet" name="post" time="1.122"/>
</testsuite> <!-- readingDataFromExcelShee.readingDataFromExcelSheet -->
