<?xml version="1.0" encoding="UTF-8"?>
<!-- Generated by org.testng.reporters.JUnitReportReporter -->
<testsuite hostname="DESKTOP-NCL580U" failures="0" tests="3" name="dataProviderMethod.dataProvider" time="1.241" errors="0" timestamp="27 Nov 2022 17:37:11 GMT" skipped="0">
  <testcase classname="dataProviderMethod.dataProvider" name="PATCHUsingDataProvider" time="0.078"/>
  <testcase classname="dataProviderMethod.dataProvider" name="PATCHUsingDataProvider" time="0.089"/>
  <testcase classname="dataProviderMethod.dataProvider" name="PATCHUsingDataProvider" time="1.074"/>
</testsuite> <!-- dataProviderMethod.dataProvider -->
