<?xml version="1.0" encoding="UTF-8"?>
<!-- Generated by org.testng.reporters.JUnitReportReporter -->
<testsuite hostname="DESKTOP-NCL580U" failures="0" tests="1" name="datareadingfromjason" time="1.645" errors="0" timestamp="28 Nov 2022 03:17:05 GMT" skipped="0">
  <testcase classname="datareadingfromjason" name="POST" time="1.645"/>
</testsuite> <!-- datareadingfromjason -->
