<?xml version="1.0" encoding="UTF-8"?>
<!-- Generated by org.testng.reporters.JUnitReportReporter -->
<testsuite hostname="DESKTOP-NCL580U" failures="0" tests="1" name="RestAPI.restAPIassignments.postAPI" time="2.569" errors="0" timestamp="27 Nov 2022 10:26:17 GMT" skipped="0">
  <testcase classname="RestAPI.restAPIassignments.postAPI" name="post" time="2.569"/>
</testsuite> <!-- RestAPI.restAPIassignments.postAPI -->
