<?xml version="1.0" encoding="UTF-8"?>
<!-- Generated by org.testng.reporters.JUnitReportReporter -->
<testsuite hostname="DESKTOP-NCL580U" failures="0" tests="1" name="assertions" time="1.034" errors="0" timestamp="27 Nov 2022 15:58:20 GMT" skipped="0">
  <testcase classname="assertions" name="Assertions" time="1.034"/>
</testsuite> <!-- assertions -->
