<?xml version="1.0" encoding="UTF-8"?>
<!-- Generated by org.testng.reporters.JUnitReportReporter -->
<testsuite hostname="DESKTOP-NCL580U" failures="0" tests="1" name="restAPIwithcode.restAPIput" time="1.032" errors="0" timestamp="27 Nov 2022 10:59:50 GMT" skipped="0">
  <testcase classname="restAPIwithcode.restAPIput" name="PUT" time="1.032"/>
</testsuite> <!-- restAPIwithcode.restAPIput -->
