<?xml version="1.0" encoding="UTF-8"?>
<!-- Generated by org.testng.reporters.JUnitReportReporter -->
<testsuite hostname="DESKTOP-NCL580U" failures="0" tests="1" name="restAPIwithcode.restAPIpatch" time="1.066" errors="0" timestamp="27 Nov 2022 10:58:33 GMT" skipped="0">
  <testcase classname="restAPIwithcode.restAPIpatch" name="patch" time="1.066"/>
</testsuite> <!-- restAPIwithcode.restAPIpatch -->
