<?xml version="1.0" encoding="UTF-8"?>
<!-- Generated by org.testng.reporters.JUnitReportReporter -->
<testsuite hostname="DESKTOP-NCL580U" failures="0" tests="5" name="restAPIwithcode.restAPIcode" time="1.494" errors="0" timestamp="27 Nov 2022 15:45:34 GMT" skipped="0">
  <testcase classname="restAPIwithcode.restAPIcode" name="patch" time="0.046"/>
  <testcase classname="restAPIwithcode.restAPIcode" name="Delete" time="1.175"/>
  <testcase classname="restAPIwithcode.restAPIcode" name="PUT" time="0.045"/>
  <testcase classname="restAPIwithcode.restAPIcode" name="GET" time="0.060"/>
  <testcase classname="restAPIwithcode.restAPIcode" name="POST" time="0.168"/>
</testsuite> <!-- restAPIwithcode.restAPIcode -->
